Apache Maven 3.0.5 (r01de14724cdef164cd33c7c8c2fe155faf9602da; 2013-02-19 14:51:28+0100)
Maven home: /home/fagier/maven/apache-maven-3.0.5
Java version: 1.7.0_51, vendor: Oracle Corporation
Java home: /usr/lib/jvm/java-1.7.0-openjdk-1.7.0.51-2.4.5.5.el7.x86_64/jre
Default locale: en_US, platform encoding: UTF-8
OS name: "linux", version: "3.10.0-123.el7.x86_64", arch: "amd64", family: "unix"
[INFO] Error stacktraces are turned on.
[DEBUG] Reading global settings from /home/fagier/maven/apache-maven-3.0.5/conf/settings.xml
[DEBUG] Reading user settings from /home/fagier/.m2/settings.xml
[DEBUG] Using local repository at /home/fagier/.m2/repository
[DEBUG] Using manager EnhancedLocalRepositoryManager with priority 10 for /home/fagier/.m2/repository
[INFO] Scanning for projects...
[DEBUG] Extension realms for project org.codehaus.mojo:jaxb2-maven-plugin-test-windows-unix:pom:1.0-SNAPSHOT: (none)
[DEBUG] Looking up lifecyle mappings for packaging pom from ClassRealm[plexus.core, parent: null]
[DEBUG] Extension realms for project org.codehaus.mojo:generated:jar:1.0-SNAPSHOT: (none)
[DEBUG] Looking up lifecyle mappings for packaging jar from ClassRealm[plexus.core, parent: null]
[DEBUG] Extension realms for project org.codehaus.mojo:programs:jar:1.0-SNAPSHOT: (none)
[DEBUG] Looking up lifecyle mappings for packaging jar from ClassRealm[plexus.core, parent: null]
[INFO] ------------------------------------------------------------------------
[INFO] Reactor Build Order:
[INFO] 
[INFO] jaxb2-maven-plugin-test-windows-unix
[INFO] generated
[INFO] programs
[DEBUG] === REACTOR BUILD PLAN ================================================
[DEBUG] Project: org.codehaus.mojo:jaxb2-maven-plugin-test-windows-unix:pom:1.0-SNAPSHOT
[DEBUG] Tasks:   [clean, compile]
[DEBUG] Style:   Regular
[DEBUG] -----------------------------------------------------------------------
[DEBUG] Project: org.codehaus.mojo:generated:jar:1.0-SNAPSHOT
[DEBUG] Tasks:   [clean, compile]
[DEBUG] Style:   Regular
[DEBUG] -----------------------------------------------------------------------
[DEBUG] Project: org.codehaus.mojo:programs:jar:1.0-SNAPSHOT
[DEBUG] Tasks:   [clean, compile]
[DEBUG] Style:   Regular
[DEBUG] =======================================================================
[INFO]                                                                         
[INFO] ------------------------------------------------------------------------
[INFO] Building jaxb2-maven-plugin-test-windows-unix 1.0-SNAPSHOT
[INFO] ------------------------------------------------------------------------
[DEBUG] Lifecycle default -> [validate, initialize, generate-sources, process-sources, generate-resources, process-resources, compile, process-classes, generate-test-sources, process-test-sources, generate-test-resources, process-test-resources, test-compile, process-test-classes, test, prepare-package, package, pre-integration-test, integration-test, post-integration-test, verify, install, deploy]
[DEBUG] Lifecycle clean -> [pre-clean, clean, post-clean]
[DEBUG] Lifecycle site -> [pre-site, site, post-site, site-deploy]
[DEBUG] Lifecycle default -> [validate, initialize, generate-sources, process-sources, generate-resources, process-resources, compile, process-classes, generate-test-sources, process-test-sources, generate-test-resources, process-test-resources, test-compile, process-test-classes, test, prepare-package, package, pre-integration-test, integration-test, post-integration-test, verify, install, deploy]
[DEBUG] Lifecycle clean -> [pre-clean, clean, post-clean]
[DEBUG] Lifecycle site -> [pre-site, site, post-site, site-deploy]
[DEBUG] Using mirror repo (http://llyoninteg02.lyon.fr.sopra/artifactory/repo) for apache.snapshots (http://repository.apache.org/snapshots).
[DEBUG] Lifecycle default -> [validate, initialize, generate-sources, process-sources, generate-resources, process-resources, compile, process-classes, generate-test-sources, process-test-sources, generate-test-resources, process-test-resources, test-compile, process-test-classes, test, prepare-package, package, pre-integration-test, integration-test, post-integration-test, verify, install, deploy]
[DEBUG] Lifecycle clean -> [pre-clean, clean, post-clean]
[DEBUG] Lifecycle site -> [pre-site, site, post-site, site-deploy]
[DEBUG] === PROJECT BUILD PLAN ================================================
[DEBUG] Project:       org.codehaus.mojo:jaxb2-maven-plugin-test-windows-unix:1.0-SNAPSHOT
[DEBUG] Dependencies (collect): []
[DEBUG] Dependencies (resolve): []
[DEBUG] Repositories (dependencies): [repo (http://llyoninteg02.lyon.fr.sopra/artifactory/repo, releases+snapshots)]
[DEBUG] Repositories (plugins)     : [repo (http://llyoninteg02.lyon.fr.sopra/artifactory/repo, releases+snapshots)]
[DEBUG] -----------------------------------------------------------------------
[DEBUG] Goal:          org.apache.maven.plugins:maven-clean-plugin:2.4.1:clean (default-clean)
[DEBUG] Style:         Regular
[DEBUG] Configuration: <?xml version="1.0" encoding="UTF-8"?>
<configuration>
  <directory default-value="${project.build.directory}"/>
  <excludeDefaultDirectories default-value="false">${clean.excludeDefaultDirectories}</excludeDefaultDirectories>
  <failOnError default-value="true">${maven.clean.failOnError}</failOnError>
  <followSymLinks default-value="false">${clean.followSymLinks}</followSymLinks>
  <outputDirectory default-value="${project.build.outputDirectory}"/>
  <reportDirectory default-value="${project.reporting.outputDirectory}"/>
  <skip default-value="false">${clean.skip}</skip>
  <testOutputDirectory default-value="${project.build.testOutputDirectory}"/>
  <verbose>${clean.verbose}</verbose>
</configuration>
[DEBUG] =======================================================================
[INFO] 
[INFO] --- maven-clean-plugin:2.4.1:clean (default-clean) @ jaxb2-maven-plugin-test-windows-unix ---
[DEBUG] Created new class realm maven.api
[DEBUG] Importing foreign packages into class realm maven.api
[DEBUG]   Imported: org.apache.maven.wagon.events < plexus.core
[DEBUG]   Imported: org.sonatype.aether.transfer < plexus.core
[DEBUG]   Imported: org.apache.maven.exception < plexus.core
[DEBUG]   Imported: org.sonatype.aether.metadata < plexus.core
[DEBUG]   Imported: org.codehaus.plexus.util.xml.Xpp3Dom < plexus.core
[DEBUG]   Imported: org.sonatype.aether.collection < plexus.core
[DEBUG]   Imported: org.sonatype.aether.version < plexus.core
[DEBUG]   Imported: org.apache.maven.monitor < plexus.core
[DEBUG]   Imported: org.apache.maven.wagon.repository < plexus.core
[DEBUG]   Imported: org.apache.maven.repository < plexus.core
[DEBUG]   Imported: org.apache.maven.wagon.resource < plexus.core
[DEBUG]   Imported: org.codehaus.plexus.logging < plexus.core
[DEBUG]   Imported: org.apache.maven.profiles < plexus.core
[DEBUG]   Imported: org.sonatype.aether.repository < plexus.core
[DEBUG]   Imported: org.apache.maven.classrealm < plexus.core
[DEBUG]   Imported: org.apache.maven.execution < plexus.core
[DEBUG]   Imported: org.sonatype.aether.artifact < plexus.core
[DEBUG]   Imported: org.sonatype.aether.spi < plexus.core
[DEBUG]   Imported: org.apache.maven.reporting < plexus.core
[DEBUG]   Imported: org.apache.maven.usability < plexus.core
[DEBUG]   Imported: org.codehaus.plexus.container < plexus.core
[DEBUG]   Imported: org.codehaus.plexus.component < plexus.core
[DEBUG]   Imported: org.codehaus.plexus.util.xml.pull.XmlSerializer < plexus.core
[DEBUG]   Imported: org.apache.maven.wagon.authentication < plexus.core
[DEBUG]   Imported: org.apache.maven.lifecycle < plexus.core
[DEBUG]   Imported: org.codehaus.plexus.classworlds < plexus.core
[DEBUG]   Imported: org.sonatype.aether.graph < plexus.core
[DEBUG]   Imported: org.sonatype.aether.* < plexus.core
[DEBUG]   Imported: org.apache.maven.settings < plexus.core
[DEBUG]   Imported: org.codehaus.classworlds < plexus.core
[DEBUG]   Imported: org.sonatype.aether.impl < plexus.core
[DEBUG]   Imported: org.apache.maven.wagon.* < plexus.core
[DEBUG]   Imported: org.apache.maven.toolchain < plexus.core
[DEBUG]   Imported: org.sonatype.aether.deployment < plexus.core
[DEBUG]   Imported: org.apache.maven.wagon.observers < plexus.core
[DEBUG]   Imported: org.codehaus.plexus.util.xml.pull.XmlPullParserException < plexus.core
[DEBUG]   Imported: org.codehaus.plexus.util.xml.pull.XmlPullParser < plexus.core
[DEBUG]   Imported: org.apache.maven.configuration < plexus.core
[DEBUG]   Imported: org.apache.maven.cli < plexus.core
[DEBUG]   Imported: org.sonatype.aether.installation < plexus.core
[DEBUG]   Imported: org.codehaus.plexus.context < plexus.core
[DEBUG]   Imported: org.apache.maven.wagon.authorization < plexus.core
[DEBUG]   Imported: org.apache.maven.project < plexus.core
[DEBUG]   Imported: org.apache.maven.rtinfo < plexus.core
[DEBUG]   Imported: org.codehaus.plexus.lifecycle < plexus.core
[DEBUG]   Imported: org.codehaus.plexus.configuration < plexus.core
[DEBUG]   Imported: org.apache.maven.artifact < plexus.core
[DEBUG]   Imported: org.apache.maven.model < plexus.core
[DEBUG]   Imported: org.apache.maven.* < plexus.core
[DEBUG]   Imported: org.apache.maven.wagon.proxy < plexus.core
[DEBUG]   Imported: org.sonatype.aether.resolution < plexus.core
[DEBUG]   Imported: org.apache.maven.plugin < plexus.core
[DEBUG]   Imported: org.codehaus.plexus.* < plexus.core
[DEBUG]   Imported: org.codehaus.plexus.personality < plexus.core
[DEBUG] Populating class realm maven.api
[DEBUG] Using mirror repo (http://llyoninteg02.lyon.fr.sopra/artifactory/repo) for apache.snapshots (http://repository.apache.org/snapshots).
[DEBUG] Using mirror repo (http://llyoninteg02.lyon.fr.sopra/artifactory/repo) for apache.snapshots (http://repository.apache.org/snapshots).
[DEBUG] Using mirror repo (http://llyoninteg02.lyon.fr.sopra/artifactory/repo) for central (http://repo.maven.apache.org/maven2).
[DEBUG] Using mirror repo (http://llyoninteg02.lyon.fr.sopra/artifactory/repo) for apache.snapshots (http://people.apache.org/repo/m2-snapshot-repository).
[DEBUG] Using mirror repo (http://llyoninteg02.lyon.fr.sopra/artifactory/repo) for apache.snapshots (http://people.apache.org/repo/m2-snapshot-repository).
[DEBUG] Using mirror repo (http://llyoninteg02.lyon.fr.sopra/artifactory/repo) for central (http://repo.maven.apache.org/maven2).
[DEBUG] Using mirror repo (http://llyoninteg02.lyon.fr.sopra/artifactory/repo) for central (http://repo.maven.apache.org/maven2).
[DEBUG] org.apache.maven.plugins:maven-clean-plugin:jar:2.4.1:
[DEBUG]    org.apache.maven:maven-plugin-api:jar:2.0.6:compile
[DEBUG]    org.codehaus.plexus:plexus-utils:jar:2.0.5:compile
[DEBUG] Created new class realm plugin>org.apache.maven.plugins:maven-clean-plugin:2.4.1
[DEBUG] Importing foreign packages into class realm plugin>org.apache.maven.plugins:maven-clean-plugin:2.4.1
[DEBUG]   Imported:  < maven.api
[DEBUG] Populating class realm plugin>org.apache.maven.plugins:maven-clean-plugin:2.4.1
[DEBUG]   Included: org.apache.maven.plugins:maven-clean-plugin:jar:2.4.1
[DEBUG]   Included: org.codehaus.plexus:plexus-utils:jar:2.0.5
[DEBUG]   Excluded: org.apache.maven:maven-plugin-api:jar:2.0.6
[DEBUG] Configuring mojo org.apache.maven.plugins:maven-clean-plugin:2.4.1:clean from plugin realm ClassRealm[plugin>org.apache.maven.plugins:maven-clean-plugin:2.4.1, parent: sun.misc.Launcher$AppClassLoader@a62b39f]
[DEBUG] Configuring mojo 'org.apache.maven.plugins:maven-clean-plugin:2.4.1:clean' with basic configurator -->
[DEBUG]   (f) directory = /home/fagier/jaxb2plugin/target
[DEBUG]   (f) excludeDefaultDirectories = false
[DEBUG]   (f) failOnError = true
[DEBUG]   (f) followSymLinks = false
[DEBUG]   (f) outputDirectory = /home/fagier/jaxb2plugin/target/classes
[DEBUG]   (f) reportDirectory = /home/fagier/jaxb2plugin/target/site
[DEBUG]   (f) skip = false
[DEBUG]   (f) testOutputDirectory = /home/fagier/jaxb2plugin/target/test-classes
[DEBUG] -- end configuration --
[DEBUG] Skipping non-existing directory /home/fagier/jaxb2plugin/target
[DEBUG] Skipping non-existing directory /home/fagier/jaxb2plugin/target/classes
[DEBUG] Skipping non-existing directory /home/fagier/jaxb2plugin/target/test-classes
[DEBUG] Skipping non-existing directory /home/fagier/jaxb2plugin/target/site
[INFO]                                                                         
[INFO] ------------------------------------------------------------------------
[INFO] Building generated 1.0-SNAPSHOT
[INFO] ------------------------------------------------------------------------
[DEBUG] Lifecycle default -> [validate, initialize, generate-sources, process-sources, generate-resources, process-resources, compile, process-classes, generate-test-sources, process-test-sources, generate-test-resources, process-test-resources, test-compile, process-test-classes, test, prepare-package, package, pre-integration-test, integration-test, post-integration-test, verify, install, deploy]
[DEBUG] Lifecycle clean -> [pre-clean, clean, post-clean]
[DEBUG] Lifecycle site -> [pre-site, site, post-site, site-deploy]
[DEBUG] Lifecycle default -> [validate, initialize, generate-sources, process-sources, generate-resources, process-resources, compile, process-classes, generate-test-sources, process-test-sources, generate-test-resources, process-test-resources, test-compile, process-test-classes, test, prepare-package, package, pre-integration-test, integration-test, post-integration-test, verify, install, deploy]
[DEBUG] Lifecycle clean -> [pre-clean, clean, post-clean]
[DEBUG] Lifecycle site -> [pre-site, site, post-site, site-deploy]
[DEBUG] Using mirror repo (http://llyoninteg02.lyon.fr.sopra/artifactory/repo) for codehaus-snapshots (http://nexus.codehaus.org/snapshots/).
[DEBUG] Using mirror repo (http://llyoninteg02.lyon.fr.sopra/artifactory/repo) for apache.snapshots (http://repository.apache.org/snapshots).
[DEBUG] Using mirror repo (http://llyoninteg02.lyon.fr.sopra/artifactory/repo) for apache.snapshots (http://repository.apache.org/snapshots).
[DEBUG] Lifecycle default -> [validate, initialize, generate-sources, process-sources, generate-resources, process-resources, compile, process-classes, generate-test-sources, process-test-sources, generate-test-resources, process-test-resources, test-compile, process-test-classes, test, prepare-package, package, pre-integration-test, integration-test, post-integration-test, verify, install, deploy]
[DEBUG] Lifecycle clean -> [pre-clean, clean, post-clean]
[DEBUG] Lifecycle site -> [pre-site, site, post-site, site-deploy]
[DEBUG] Lifecycle default -> [validate, initialize, generate-sources, process-sources, generate-resources, process-resources, compile, process-classes, generate-test-sources, process-test-sources, generate-test-resources, process-test-resources, test-compile, process-test-classes, test, prepare-package, package, pre-integration-test, integration-test, post-integration-test, verify, install, deploy]
[DEBUG] Lifecycle clean -> [pre-clean, clean, post-clean]
[DEBUG] Lifecycle site -> [pre-site, site, post-site, site-deploy]
[DEBUG] Lifecycle default -> [validate, initialize, generate-sources, process-sources, generate-resources, process-resources, compile, process-classes, generate-test-sources, process-test-sources, generate-test-resources, process-test-resources, test-compile, process-test-classes, test, prepare-package, package, pre-integration-test, integration-test, post-integration-test, verify, install, deploy]
[DEBUG] Lifecycle clean -> [pre-clean, clean, post-clean]
[DEBUG] Lifecycle site -> [pre-site, site, post-site, site-deploy]
[DEBUG] Lifecycle default -> [validate, initialize, generate-sources, process-sources, generate-resources, process-resources, compile, process-classes, generate-test-sources, process-test-sources, generate-test-resources, process-test-resources, test-compile, process-test-classes, test, prepare-package, package, pre-integration-test, integration-test, post-integration-test, verify, install, deploy]
[DEBUG] Lifecycle clean -> [pre-clean, clean, post-clean]
[DEBUG] Lifecycle site -> [pre-site, site, post-site, site-deploy]
[DEBUG] === PROJECT BUILD PLAN ================================================
[DEBUG] Project:       org.codehaus.mojo:generated:1.0-SNAPSHOT
[DEBUG] Dependencies (collect): []
[DEBUG] Dependencies (resolve): [compile]
[DEBUG] Repositories (dependencies): [repo (http://llyoninteg02.lyon.fr.sopra/artifactory/repo, releases+snapshots)]
[DEBUG] Repositories (plugins)     : [repo (http://llyoninteg02.lyon.fr.sopra/artifactory/repo, releases+snapshots)]
[DEBUG] -----------------------------------------------------------------------
[DEBUG] Goal:          org.apache.maven.plugins:maven-clean-plugin:2.4.1:clean (default-clean)
[DEBUG] Style:         Regular
[DEBUG] Configuration: <?xml version="1.0" encoding="UTF-8"?>
<configuration>
  <directory default-value="${project.build.directory}"/>
  <excludeDefaultDirectories default-value="false">${clean.excludeDefaultDirectories}</excludeDefaultDirectories>
  <failOnError default-value="true">${maven.clean.failOnError}</failOnError>
  <followSymLinks default-value="false">${clean.followSymLinks}</followSymLinks>
  <outputDirectory default-value="${project.build.outputDirectory}"/>
  <reportDirectory default-value="${project.reporting.outputDirectory}"/>
  <skip default-value="false">${clean.skip}</skip>
  <testOutputDirectory default-value="${project.build.testOutputDirectory}"/>
  <verbose>${clean.verbose}</verbose>
</configuration>
[DEBUG] -----------------------------------------------------------------------
[DEBUG] Goal:          org.codehaus.mojo:jaxb2-maven-plugin:2.1:xjc (xjc)
[DEBUG] Style:         Regular
[DEBUG] Configuration: <?xml version="1.0" encoding="UTF-8"?>
<configuration>
  <addGeneratedAnnotation default-value="false"/>
  <arguments>${xjc.arguments}</arguments>
  <clearOutputDir default-value="true">false</clearOutputDir>
  <enableIntrospection default-value="false"/>
  <encoding default-value="${project.build.sourceEncoding}"/>
  <execution default-value="${mojoExecution}"/>
  <extension default-value="false"/>
  <failOnNoSchemas default-value="true">false</failOnNoSchemas>
  <generateEpisode default-value="true"/>
  <laxSchemaValidation default-value="false"/>
  <noGeneratedHeaderComments default-value="false"/>
  <noPackageLevelAnnotations default-value="false"/>
  <outputDirectory default-value="${project.build.directory}/generated-sources/jaxb">src/main/java/</outputDirectory>
  <packageName>org.codehaus.generated</packageName>
  <project default-value="${project}"/>
  <quiet default-value="false"/>
  <readOnly default-value="false">true</readOnly>
  <settings default-value="${settings}"/>
  <skipXjc default-value="false">${xjc.skip}</skipXjc>
  <sourceType default-value="XmlSchema"/>
  <staleFileDirectory default-value="${project.build.directory}/jaxb2"/>
  <verbose default-value="false">${xjc.verbose}</verbose>
</configuration>
[DEBUG] -----------------------------------------------------------------------
[DEBUG] Goal:          org.apache.maven.plugins:maven-resources-plugin:2.5:resources (default-resources)
[DEBUG] Style:         Regular
[DEBUG] Configuration: <?xml version="1.0" encoding="UTF-8"?>
<configuration>
  <buildFilters default-value="${project.build.filters}"/>
  <encoding default-value="${project.build.sourceEncoding}">${encoding}</encoding>
  <escapeString>${maven.resources.escapeString}</escapeString>
  <escapeWindowsPaths default-value="true">${maven.resources.escapeWindowsPaths}</escapeWindowsPaths>
  <includeEmptyDirs default-value="false">${maven.resources.includeEmptyDirs}</includeEmptyDirs>
  <outputDirectory default-value="${project.build.outputDirectory}"/>
  <overwrite default-value="false">${maven.resources.overwrite}</overwrite>
  <project default-value="${project}"/>
  <resources default-value="${project.resources}"/>
  <session default-value="${session}"/>
  <supportMultiLineFiltering default-value="false">${maven.resources.supportMultiLineFiltering}</supportMultiLineFiltering>
  <useBuildFilters default-value="true"/>
  <useDefaultDelimiters default-value="true"/>
</configuration>
[DEBUG] -----------------------------------------------------------------------
[DEBUG] Goal:          org.apache.maven.plugins:maven-compiler-plugin:2.3.2:compile (default-compile)
[DEBUG] Style:         Regular
[DEBUG] Configuration: <?xml version="1.0" encoding="UTF-8"?>
<configuration>
  <basedir default-value="${basedir}"/>
  <buildDirectory default-value="${project.build.directory}"/>
  <classpathElements default-value="${project.compileClasspathElements}"/>
  <compileSourceRoots default-value="${project.compileSourceRoots}"/>
  <compilerId default-value="javac">${maven.compiler.compilerId}</compilerId>
  <compilerVersion>${maven.compiler.compilerVersion}</compilerVersion>
  <debug default-value="true">${maven.compiler.debug}</debug>
  <debuglevel>${maven.compiler.debuglevel}</debuglevel>
  <encoding default-value="${project.build.sourceEncoding}">${encoding}</encoding>
  <executable>${maven.compiler.executable}</executable>
  <failOnError default-value="true">${maven.compiler.failOnError}</failOnError>
  <fork default-value="false">${maven.compiler.fork}</fork>
  <generatedSourcesDirectory default-value="${project.build.directory}/generated-sources/annotations"/>
  <maxmem>${maven.compiler.maxmem}</maxmem>
  <meminitial>${maven.compiler.meminitial}</meminitial>
  <optimize default-value="false">${maven.compiler.optimize}</optimize>
  <outputDirectory default-value="${project.build.outputDirectory}"/>
  <outputFileName>${project.build.finalName}</outputFileName>
  <projectArtifact default-value="${project.artifact}"/>
  <session default-value="${session}"/>
  <showDeprecation default-value="false">${maven.compiler.showDeprecation}</showDeprecation>
  <showWarnings default-value="false">${maven.compiler.showWarnings}</showWarnings>
  <source default-value="1.5">${maven.compiler.source}</source>
  <staleMillis default-value="0">${lastModGranularityMs}</staleMillis>
  <target default-value="1.5">${maven.compiler.target}</target>
  <verbose default-value="false">${maven.compiler.verbose}</verbose>
</configuration>
[DEBUG] =======================================================================
[DEBUG] org.codehaus.mojo:generated:jar:1.0-SNAPSHOT
[INFO] 
[INFO] --- maven-clean-plugin:2.4.1:clean (default-clean) @ generated ---
[DEBUG] Configuring mojo org.apache.maven.plugins:maven-clean-plugin:2.4.1:clean from plugin realm ClassRealm[plugin>org.apache.maven.plugins:maven-clean-plugin:2.4.1, parent: sun.misc.Launcher$AppClassLoader@a62b39f]
[DEBUG] Configuring mojo 'org.apache.maven.plugins:maven-clean-plugin:2.4.1:clean' with basic configurator -->
[DEBUG]   (f) directory = /home/fagier/jaxb2plugin/generated/target
[DEBUG]   (f) excludeDefaultDirectories = false
[DEBUG]   (f) failOnError = true
[DEBUG]   (f) followSymLinks = false
[DEBUG]   (f) outputDirectory = /home/fagier/jaxb2plugin/generated/target/classes
[DEBUG]   (f) reportDirectory = /home/fagier/jaxb2plugin/generated/target/site
[DEBUG]   (f) skip = false
[DEBUG]   (f) testOutputDirectory = /home/fagier/jaxb2plugin/generated/target/test-classes
[DEBUG] -- end configuration --
[DEBUG] Skipping non-existing directory /home/fagier/jaxb2plugin/generated/target
[DEBUG] Skipping non-existing directory /home/fagier/jaxb2plugin/generated/target/classes
[DEBUG] Skipping non-existing directory /home/fagier/jaxb2plugin/generated/target/test-classes
[DEBUG] Skipping non-existing directory /home/fagier/jaxb2plugin/generated/target/site
[INFO] 
[INFO] --- jaxb2-maven-plugin:2.1:xjc (xjc) @ generated ---
[DEBUG] Using mirror repo (http://llyoninteg02.lyon.fr.sopra/artifactory/repo) for codehaus-snapshots (http://nexus.codehaus.org/snapshots/).
[DEBUG] Using mirror repo (http://llyoninteg02.lyon.fr.sopra/artifactory/repo) for codehaus-snapshots (http://nexus.codehaus.org/snapshots/).
[DEBUG] Using mirror repo (http://llyoninteg02.lyon.fr.sopra/artifactory/repo) for central (http://repo.maven.apache.org/maven2).
[DEBUG] Using mirror repo (http://llyoninteg02.lyon.fr.sopra/artifactory/repo) for releases.java.net (https://maven.java.net/content/repositories/releases/).
[DEBUG] Using mirror repo (http://llyoninteg02.lyon.fr.sopra/artifactory/repo) for jvnet-nexus-staging (https://maven.java.net/content/repositories/staging/).
[DEBUG] Using mirror repo (http://llyoninteg02.lyon.fr.sopra/artifactory/repo) for releases.java.net (https://maven.java.net/content/repositories/releases/).
[DEBUG] Using mirror repo (http://llyoninteg02.lyon.fr.sopra/artifactory/repo) for jvnet-nexus-staging (https://maven.java.net/content/repositories/staging/).
[DEBUG] Using mirror repo (http://llyoninteg02.lyon.fr.sopra/artifactory/repo) for central (http://repo.maven.apache.org/maven2).
[DEBUG] Using mirror repo (http://llyoninteg02.lyon.fr.sopra/artifactory/repo) for releases.java.net (https://maven.java.net/content/repositories/releases/).
[DEBUG] Using mirror repo (http://llyoninteg02.lyon.fr.sopra/artifactory/repo) for jvnet-nexus-staging (https://maven.java.net/content/repositories/staging/).
[DEBUG] Using mirror repo (http://llyoninteg02.lyon.fr.sopra/artifactory/repo) for central (http://repo.maven.apache.org/maven2).
[DEBUG] Using mirror repo (http://llyoninteg02.lyon.fr.sopra/artifactory/repo) for releases.java.net (https://maven.java.net/content/repositories/releases/).
[DEBUG] Using mirror repo (http://llyoninteg02.lyon.fr.sopra/artifactory/repo) for jvnet-nexus-staging (https://maven.java.net/content/repositories/staging/).
[DEBUG] Using mirror repo (http://llyoninteg02.lyon.fr.sopra/artifactory/repo) for releases.java.net (https://maven.java.net/content/repositories/releases/).
[DEBUG] Using mirror repo (http://llyoninteg02.lyon.fr.sopra/artifactory/repo) for jvnet-nexus-staging (https://maven.java.net/content/repositories/staging/).
[DEBUG] Using mirror repo (http://llyoninteg02.lyon.fr.sopra/artifactory/repo) for central (http://repo.maven.apache.org/maven2).
[DEBUG] Using mirror repo (http://llyoninteg02.lyon.fr.sopra/artifactory/repo) for releases.java.net (https://maven.java.net/content/repositories/releases/).
[DEBUG] Using mirror repo (http://llyoninteg02.lyon.fr.sopra/artifactory/repo) for jvnet-nexus-staging (https://maven.java.net/content/repositories/staging/).
[DEBUG] Using mirror repo (http://llyoninteg02.lyon.fr.sopra/artifactory/repo) for central (http://repo.maven.apache.org/maven2).
[DEBUG] Using mirror repo (http://llyoninteg02.lyon.fr.sopra/artifactory/repo) for jvnet-nexus-snapshots (https://maven.java.net/content/repositories/snapshots).
[DEBUG] Using mirror repo (http://llyoninteg02.lyon.fr.sopra/artifactory/repo) for jvnet-nexus-snapshots (https://maven.java.net/content/repositories/snapshots).
[DEBUG] Using mirror repo (http://llyoninteg02.lyon.fr.sopra/artifactory/repo) for central (http://repo.maven.apache.org/maven2).
[DEBUG] Using mirror repo (http://llyoninteg02.lyon.fr.sopra/artifactory/repo) for jvnet-nexus-snapshots (https://maven.java.net/content/repositories/snapshots).
[DEBUG] Using mirror repo (http://llyoninteg02.lyon.fr.sopra/artifactory/repo) for jvnet-nexus-snapshots (https://maven.java.net/content/repositories/snapshots).
[DEBUG] Using mirror repo (http://llyoninteg02.lyon.fr.sopra/artifactory/repo) for central (http://repo.maven.apache.org/maven2).
[DEBUG] Using mirror repo (http://llyoninteg02.lyon.fr.sopra/artifactory/repo) for releases.java.net (https://maven.java.net/content/repositories/releases/).
[DEBUG] Using mirror repo (http://llyoninteg02.lyon.fr.sopra/artifactory/repo) for jvnet-nexus-staging (https://maven.java.net/content/repositories/staging/).
[DEBUG] Using mirror repo (http://llyoninteg02.lyon.fr.sopra/artifactory/repo) for releases.java.net (https://maven.java.net/content/repositories/releases/).
[DEBUG] Using mirror repo (http://llyoninteg02.lyon.fr.sopra/artifactory/repo) for jvnet-nexus-staging (https://maven.java.net/content/repositories/staging/).
[DEBUG] Using mirror repo (http://llyoninteg02.lyon.fr.sopra/artifactory/repo) for central (http://repo.maven.apache.org/maven2).
[DEBUG] Using mirror repo (http://llyoninteg02.lyon.fr.sopra/artifactory/repo) for releases.java.net (https://maven.java.net/content/repositories/releases/).
[DEBUG] Using mirror repo (http://llyoninteg02.lyon.fr.sopra/artifactory/repo) for jvnet-nexus-staging (https://maven.java.net/content/repositories/staging/).
[DEBUG] Using mirror repo (http://llyoninteg02.lyon.fr.sopra/artifactory/repo) for central (http://repo.maven.apache.org/maven2).
[DEBUG] Using mirror repo (http://llyoninteg02.lyon.fr.sopra/artifactory/repo) for central (http://repo.maven.apache.org/maven2).
[DEBUG] Using mirror repo (http://llyoninteg02.lyon.fr.sopra/artifactory/repo) for releases.java.net (https://maven.java.net/content/repositories/releases/).
[DEBUG] Using mirror repo (http://llyoninteg02.lyon.fr.sopra/artifactory/repo) for jvnet-nexus-staging (https://maven.java.net/content/repositories/staging/).
[DEBUG] Using mirror repo (http://llyoninteg02.lyon.fr.sopra/artifactory/repo) for releases.java.net (https://maven.java.net/content/repositories/releases/).
[DEBUG] Using mirror repo (http://llyoninteg02.lyon.fr.sopra/artifactory/repo) for jvnet-nexus-staging (https://maven.java.net/content/repositories/staging/).
[DEBUG] Using mirror repo (http://llyoninteg02.lyon.fr.sopra/artifactory/repo) for central (http://repo.maven.apache.org/maven2).
[DEBUG] Using mirror repo (http://llyoninteg02.lyon.fr.sopra/artifactory/repo) for releases.java.net (https://maven.java.net/content/repositories/releases/).
[DEBUG] Using mirror repo (http://llyoninteg02.lyon.fr.sopra/artifactory/repo) for jvnet-nexus-staging (https://maven.java.net/content/repositories/staging/).
[DEBUG] Using mirror repo (http://llyoninteg02.lyon.fr.sopra/artifactory/repo) for releases.java.net (https://maven.java.net/content/repositories/releases/).
[DEBUG] Using mirror repo (http://llyoninteg02.lyon.fr.sopra/artifactory/repo) for jvnet-nexus-staging (https://maven.java.net/content/repositories/staging/).
[DEBUG] Using mirror repo (http://llyoninteg02.lyon.fr.sopra/artifactory/repo) for central (http://repo.maven.apache.org/maven2).
[DEBUG] Using mirror repo (http://llyoninteg02.lyon.fr.sopra/artifactory/repo) for sonatype-nexus-snapshots (http://oss.sonatype.org/content/repositories/snapshots).
[DEBUG] Using mirror repo (http://llyoninteg02.lyon.fr.sopra/artifactory/repo) for central (http://repo.maven.apache.org/maven2).
[DEBUG] Using mirror repo (http://llyoninteg02.lyon.fr.sopra/artifactory/repo) for central (http://repo.maven.apache.org/maven2).
[DEBUG] Using mirror repo (http://llyoninteg02.lyon.fr.sopra/artifactory/repo) for central (http://repo.maven.apache.org/maven2).
[DEBUG] Using mirror repo (http://llyoninteg02.lyon.fr.sopra/artifactory/repo) for releases.java.net (https://maven.java.net/content/repositories/releases/).
[DEBUG] Using mirror repo (http://llyoninteg02.lyon.fr.sopra/artifactory/repo) for jvnet-nexus-staging (https://maven.java.net/content/repositories/staging/).
[DEBUG] Using mirror repo (http://llyoninteg02.lyon.fr.sopra/artifactory/repo) for releases.java.net (https://maven.java.net/content/repositories/releases/).
[DEBUG] Using mirror repo (http://llyoninteg02.lyon.fr.sopra/artifactory/repo) for jvnet-nexus-staging (https://maven.java.net/content/repositories/staging/).
[DEBUG] Using mirror repo (http://llyoninteg02.lyon.fr.sopra/artifactory/repo) for central (http://repo.maven.apache.org/maven2).
[DEBUG] Using mirror repo (http://llyoninteg02.lyon.fr.sopra/artifactory/repo) for releases.java.net (https://maven.java.net/content/repositories/releases/).
[DEBUG] Using mirror repo (http://llyoninteg02.lyon.fr.sopra/artifactory/repo) for jvnet-nexus-staging (https://maven.java.net/content/repositories/staging/).
[DEBUG] Using mirror repo (http://llyoninteg02.lyon.fr.sopra/artifactory/repo) for central (http://repo.maven.apache.org/maven2).
[DEBUG] Using mirror repo (http://llyoninteg02.lyon.fr.sopra/artifactory/repo) for releases.java.net (https://maven.java.net/content/repositories/releases/).
[DEBUG] Using mirror repo (http://llyoninteg02.lyon.fr.sopra/artifactory/repo) for jvnet-nexus-staging (https://maven.java.net/content/repositories/staging/).
[DEBUG] Using mirror repo (http://llyoninteg02.lyon.fr.sopra/artifactory/repo) for central (http://repo.maven.apache.org/maven2).
[DEBUG] Using mirror repo (http://llyoninteg02.lyon.fr.sopra/artifactory/repo) for releases.java.net (https://maven.java.net/content/repositories/releases/).
[DEBUG] Using mirror repo (http://llyoninteg02.lyon.fr.sopra/artifactory/repo) for jvnet-nexus-staging (https://maven.java.net/content/repositories/staging/).
[DEBUG] Using mirror repo (http://llyoninteg02.lyon.fr.sopra/artifactory/repo) for central (http://repo.maven.apache.org/maven2).
[DEBUG] Using mirror repo (http://llyoninteg02.lyon.fr.sopra/artifactory/repo) for codehaus-snapshots (http://nexus.codehaus.org/snapshots/).
[DEBUG] Using mirror repo (http://llyoninteg02.lyon.fr.sopra/artifactory/repo) for codehaus-snapshots (http://nexus.codehaus.org/snapshots/).
[DEBUG] Using mirror repo (http://llyoninteg02.lyon.fr.sopra/artifactory/repo) for central (http://repo.maven.apache.org/maven2).
[DEBUG] Using mirror repo (http://llyoninteg02.lyon.fr.sopra/artifactory/repo) for apache.snapshots (http://repository.apache.org/snapshots).
[DEBUG] Using mirror repo (http://llyoninteg02.lyon.fr.sopra/artifactory/repo) for apache.snapshots (http://repository.apache.org/snapshots).
[DEBUG] Using mirror repo (http://llyoninteg02.lyon.fr.sopra/artifactory/repo) for central (http://repo.maven.apache.org/maven2).
[DEBUG] Using mirror repo (http://llyoninteg02.lyon.fr.sopra/artifactory/repo) for apache.snapshots (http://repository.apache.org/snapshots).
[DEBUG] Using mirror repo (http://llyoninteg02.lyon.fr.sopra/artifactory/repo) for apache.snapshots (http://repository.apache.org/snapshots).
[DEBUG] Using mirror repo (http://llyoninteg02.lyon.fr.sopra/artifactory/repo) for central (http://repo.maven.apache.org/maven2).
[DEBUG] Using mirror repo (http://llyoninteg02.lyon.fr.sopra/artifactory/repo) for central (http://repo.maven.apache.org/maven2).
[DEBUG] Using mirror repo (http://llyoninteg02.lyon.fr.sopra/artifactory/repo) for apache.snapshots (http://repository.apache.org/snapshots).
[DEBUG] Using mirror repo (http://llyoninteg02.lyon.fr.sopra/artifactory/repo) for apache.snapshots (http://repository.apache.org/snapshots).
[DEBUG] Using mirror repo (http://llyoninteg02.lyon.fr.sopra/artifactory/repo) for central (http://repo.maven.apache.org/maven2).
[DEBUG] Using mirror repo (http://llyoninteg02.lyon.fr.sopra/artifactory/repo) for central (http://repo.maven.apache.org/maven2).
[DEBUG] Using mirror repo (http://llyoninteg02.lyon.fr.sopra/artifactory/repo) for central (http://repo.maven.apache.org/maven2).
[DEBUG] Using mirror repo (http://llyoninteg02.lyon.fr.sopra/artifactory/repo) for central (http://repo.maven.apache.org/maven2).
[DEBUG] Using mirror repo (http://llyoninteg02.lyon.fr.sopra/artifactory/repo) for central (http://repo.maven.apache.org/maven2).
[DEBUG] Using mirror repo (http://llyoninteg02.lyon.fr.sopra/artifactory/repo) for central (http://repo.maven.apache.org/maven2).
[DEBUG] Using mirror repo (http://llyoninteg02.lyon.fr.sopra/artifactory/repo) for central (http://repo.maven.apache.org/maven2).
[DEBUG] Using mirror repo (http://llyoninteg02.lyon.fr.sopra/artifactory/repo) for central (http://repo.maven.apache.org/maven2).
[DEBUG] Using mirror repo (http://llyoninteg02.lyon.fr.sopra/artifactory/repo) for apache.snapshots (http://repository.apache.org/snapshots).
[DEBUG] Using mirror repo (http://llyoninteg02.lyon.fr.sopra/artifactory/repo) for apache.snapshots (http://repository.apache.org/snapshots).
[DEBUG] Using mirror repo (http://llyoninteg02.lyon.fr.sopra/artifactory/repo) for central (http://repo.maven.apache.org/maven2).
[DEBUG] Using mirror repo (http://llyoninteg02.lyon.fr.sopra/artifactory/repo) for apache.snapshots (http://repository.apache.org/snapshots).
[DEBUG] Using mirror repo (http://llyoninteg02.lyon.fr.sopra/artifactory/repo) for central (http://repo.maven.apache.org/maven2).
[DEBUG] Using mirror repo (http://llyoninteg02.lyon.fr.sopra/artifactory/repo) for apache.snapshots (http://repository.apache.org/snapshots).
[DEBUG] Using mirror repo (http://llyoninteg02.lyon.fr.sopra/artifactory/repo) for apache.snapshots (http://repository.apache.org/snapshots).
[DEBUG] Using mirror repo (http://llyoninteg02.lyon.fr.sopra/artifactory/repo) for central (http://repo.maven.apache.org/maven2).
[DEBUG] Using mirror repo (http://llyoninteg02.lyon.fr.sopra/artifactory/repo) for central (http://repo.maven.apache.org/maven2).
[DEBUG] Using mirror repo (http://llyoninteg02.lyon.fr.sopra/artifactory/repo) for apache.snapshots (http://repository.apache.org/snapshots).
[DEBUG] Using mirror repo (http://llyoninteg02.lyon.fr.sopra/artifactory/repo) for apache.snapshots (http://repository.apache.org/snapshots).
[DEBUG] Using mirror repo (http://llyoninteg02.lyon.fr.sopra/artifactory/repo) for central (http://repo.maven.apache.org/maven2).
[DEBUG] Using mirror repo (http://llyoninteg02.lyon.fr.sopra/artifactory/repo) for central (http://repo.maven.apache.org/maven2).
[DEBUG] Using mirror repo (http://llyoninteg02.lyon.fr.sopra/artifactory/repo) for central (http://repo.maven.apache.org/maven2).
[DEBUG] Using mirror repo (http://llyoninteg02.lyon.fr.sopra/artifactory/repo) for central (http://repo.maven.apache.org/maven2).
[DEBUG] Using mirror repo (http://llyoninteg02.lyon.fr.sopra/artifactory/repo) for apache.snapshots (http://repository.apache.org/snapshots).
[DEBUG] Using mirror repo (http://llyoninteg02.lyon.fr.sopra/artifactory/repo) for central (http://repo.maven.apache.org/maven2).
[DEBUG] Using mirror repo (http://llyoninteg02.lyon.fr.sopra/artifactory/repo) for central (http://repo.maven.apache.org/maven2).
[DEBUG] Using mirror repo (http://llyoninteg02.lyon.fr.sopra/artifactory/repo) for codehaus.snapshots (http://snapshots.repository.codehaus.org).
[DEBUG] Using mirror repo (http://llyoninteg02.lyon.fr.sopra/artifactory/repo) for codehaus.snapshots (http://snapshots.repository.codehaus.org).
[DEBUG] Using mirror repo (http://llyoninteg02.lyon.fr.sopra/artifactory/repo) for central (http://repo.maven.apache.org/maven2).
[DEBUG] Using mirror repo (http://llyoninteg02.lyon.fr.sopra/artifactory/repo) for central (http://repo.maven.apache.org/maven2).
[DEBUG] Using mirror repo (http://llyoninteg02.lyon.fr.sopra/artifactory/repo) for apache.snapshots (http://repository.apache.org/snapshots).
[DEBUG] Using mirror repo (http://llyoninteg02.lyon.fr.sopra/artifactory/repo) for apache.snapshots (http://repository.apache.org/snapshots).
[DEBUG] Using mirror repo (http://llyoninteg02.lyon.fr.sopra/artifactory/repo) for central (http://repo.maven.apache.org/maven2).
[DEBUG] Using mirror repo (http://llyoninteg02.lyon.fr.sopra/artifactory/repo) for central (http://repo.maven.apache.org/maven2).
[DEBUG] Using mirror repo (http://llyoninteg02.lyon.fr.sopra/artifactory/repo) for apache.snapshots (http://repository.apache.org/snapshots).
[DEBUG] Using mirror repo (http://llyoninteg02.lyon.fr.sopra/artifactory/repo) for central (http://repo.maven.apache.org/maven2).
[DEBUG] Using mirror repo (http://llyoninteg02.lyon.fr.sopra/artifactory/repo) for central (http://repo.maven.apache.org/maven2).
[DEBUG] Using mirror repo (http://llyoninteg02.lyon.fr.sopra/artifactory/repo) for apache.snapshots (http://repository.apache.org/snapshots).
[DEBUG] Using mirror repo (http://llyoninteg02.lyon.fr.sopra/artifactory/repo) for apache.snapshots (http://repository.apache.org/snapshots).
[DEBUG] Using mirror repo (http://llyoninteg02.lyon.fr.sopra/artifactory/repo) for central (http://repo.maven.apache.org/maven2).
[DEBUG] Using mirror repo (http://llyoninteg02.lyon.fr.sopra/artifactory/repo) for apache.snapshots (http://repository.apache.org/snapshots).
[DEBUG] Using mirror repo (http://llyoninteg02.lyon.fr.sopra/artifactory/repo) for apache.snapshots (http://repository.apache.org/snapshots).
[DEBUG] Using mirror repo (http://llyoninteg02.lyon.fr.sopra/artifactory/repo) for central (http://repo.maven.apache.org/maven2).
[DEBUG] Using mirror repo (http://llyoninteg02.lyon.fr.sopra/artifactory/repo) for central (http://repo.maven.apache.org/maven2).
[DEBUG] Using mirror repo (http://llyoninteg02.lyon.fr.sopra/artifactory/repo) for central (http://repo.maven.apache.org/maven2).
[DEBUG] Using mirror repo (http://llyoninteg02.lyon.fr.sopra/artifactory/repo) for central (http://repo.maven.apache.org/maven2).
[DEBUG] Using mirror repo (http://llyoninteg02.lyon.fr.sopra/artifactory/repo) for apache.snapshots (http://repository.apache.org/snapshots).
[DEBUG] Using mirror repo (http://llyoninteg02.lyon.fr.sopra/artifactory/repo) for central (http://repo.maven.apache.org/maven2).
[DEBUG] Using mirror repo (http://llyoninteg02.lyon.fr.sopra/artifactory/repo) for apache.snapshots (http://repository.apache.org/snapshots).
[DEBUG] Using mirror repo (http://llyoninteg02.lyon.fr.sopra/artifactory/repo) for apache.snapshots (http://repository.apache.org/snapshots).
[DEBUG] Using mirror repo (http://llyoninteg02.lyon.fr.sopra/artifactory/repo) for central (http://repo.maven.apache.org/maven2).
[DEBUG] Using mirror repo (http://llyoninteg02.lyon.fr.sopra/artifactory/repo) for apache.snapshots (http://repository.apache.org/snapshots).
[DEBUG] Using mirror repo (http://llyoninteg02.lyon.fr.sopra/artifactory/repo) for central (http://repo.maven.apache.org/maven2).
[DEBUG] Using mirror repo (http://llyoninteg02.lyon.fr.sopra/artifactory/repo) for apache.snapshots (http://repository.apache.org/snapshots).
[DEBUG] Using mirror repo (http://llyoninteg02.lyon.fr.sopra/artifactory/repo) for central (http://repo.maven.apache.org/maven2).
[DEBUG] Using mirror repo (http://llyoninteg02.lyon.fr.sopra/artifactory/repo) for central (http://repo.maven.apache.org/maven2).
[DEBUG] Using mirror repo (http://llyoninteg02.lyon.fr.sopra/artifactory/repo) for central (http://repo.maven.apache.org/maven2).
[DEBUG] Using mirror repo (http://llyoninteg02.lyon.fr.sopra/artifactory/repo) for central (http://repo.maven.apache.org/maven2).
[DEBUG] Using mirror repo (http://llyoninteg02.lyon.fr.sopra/artifactory/repo) for central (http://repo.maven.apache.org/maven2).
[DEBUG] Using mirror repo (http://llyoninteg02.lyon.fr.sopra/artifactory/repo) for central (http://repo.maven.apache.org/maven2).
[DEBUG] Using mirror repo (http://llyoninteg02.lyon.fr.sopra/artifactory/repo) for central (http://repo.maven.apache.org/maven2).
[DEBUG] Using mirror repo (http://llyoninteg02.lyon.fr.sopra/artifactory/repo) for central (http://repo.maven.apache.org/maven2).
[DEBUG] Using mirror repo (http://llyoninteg02.lyon.fr.sopra/artifactory/repo) for central (http://repo.maven.apache.org/maven2).
[DEBUG] Using mirror repo (http://llyoninteg02.lyon.fr.sopra/artifactory/repo) for central (http://repo.maven.apache.org/maven2).
[DEBUG] Using mirror repo (http://llyoninteg02.lyon.fr.sopra/artifactory/repo) for central (http://repo.maven.apache.org/maven2).
[DEBUG] Using mirror repo (http://llyoninteg02.lyon.fr.sopra/artifactory/repo) for central (http://repo.maven.apache.org/maven2).
[DEBUG] Using mirror repo (http://llyoninteg02.lyon.fr.sopra/artifactory/repo) for central (http://repo.maven.apache.org/maven2).
[DEBUG] Using mirror repo (http://llyoninteg02.lyon.fr.sopra/artifactory/repo) for central (http://repo.maven.apache.org/maven2).
[DEBUG] Using mirror repo (http://llyoninteg02.lyon.fr.sopra/artifactory/repo) for central (http://repo.maven.apache.org/maven2).
[DEBUG] Using mirror repo (http://llyoninteg02.lyon.fr.sopra/artifactory/repo) for central (http://repo.maven.apache.org/maven2).
[DEBUG] Using mirror repo (http://llyoninteg02.lyon.fr.sopra/artifactory/repo) for central (http://repo.maven.apache.org/maven2).
[DEBUG] Using mirror repo (http://llyoninteg02.lyon.fr.sopra/artifactory/repo) for central (http://repo.maven.apache.org/maven2).
[DEBUG] Using mirror repo (http://llyoninteg02.lyon.fr.sopra/artifactory/repo) for central (http://repo.maven.apache.org/maven2).
[DEBUG] Using mirror repo (http://llyoninteg02.lyon.fr.sopra/artifactory/repo) for apache.snapshots (http://repository.apache.org/snapshots).
[DEBUG] Using mirror repo (http://llyoninteg02.lyon.fr.sopra/artifactory/repo) for central (http://repo.maven.apache.org/maven2).
[DEBUG] Using mirror repo (http://llyoninteg02.lyon.fr.sopra/artifactory/repo) for apache.snapshots (http://repository.apache.org/snapshots).
[DEBUG] Using mirror repo (http://llyoninteg02.lyon.fr.sopra/artifactory/repo) for central (http://repo.maven.apache.org/maven2).
[DEBUG] Using mirror repo (http://llyoninteg02.lyon.fr.sopra/artifactory/repo) for plexus.snapshots (https://oss.sonatype.org/content/repositories/plexus-snapshots).
[DEBUG] Using mirror repo (http://llyoninteg02.lyon.fr.sopra/artifactory/repo) for plexus.snapshots (https://oss.sonatype.org/content/repositories/plexus-snapshots).
[DEBUG] Using mirror repo (http://llyoninteg02.lyon.fr.sopra/artifactory/repo) for central (http://repo.maven.apache.org/maven2).
[DEBUG] Using mirror repo (http://llyoninteg02.lyon.fr.sopra/artifactory/repo) for central (http://repo.maven.apache.org/maven2).
[DEBUG] Using mirror repo (http://llyoninteg02.lyon.fr.sopra/artifactory/repo) for central (http://repo.maven.apache.org/maven2).
[DEBUG] Using mirror repo (http://llyoninteg02.lyon.fr.sopra/artifactory/repo) for central (http://repo.maven.apache.org/maven2).
[DEBUG] Using mirror repo (http://llyoninteg02.lyon.fr.sopra/artifactory/repo) for central (http://repo.maven.apache.org/maven2).
[DEBUG] org.codehaus.mojo:jaxb2-maven-plugin:jar:2.1:
[DEBUG]    javax.xml.bind:jaxb-api:jar:2.2.11:compile
[DEBUG]    org.glassfish.jaxb:jaxb-core:jar:2.2.11:compile
[DEBUG]       org.glassfish.jaxb:txw2:jar:2.2.11:compile
[DEBUG]       com.sun.istack:istack-commons-runtime:jar:2.21:compile
[DEBUG]    org.glassfish.jaxb:jaxb-runtime:jar:2.2.11:compile
[DEBUG]       org.jvnet.staxex:stax-ex:jar:1.7.6:compile (version managed from 1.7.7)
[DEBUG]       com.sun.xml.fastinfoset:FastInfoset:jar:1.2.13:compile
[DEBUG]    org.glassfish.jaxb:jaxb-xjc:jar:2.2.11:compile
[DEBUG]       com.sun.xsom:xsom:jar:20140925:compile
[DEBUG]          relaxngDatatype:relaxngDatatype:jar:20020414:compile
[DEBUG]       org.glassfish.jaxb:codemodel:jar:2.2.11:compile
[DEBUG]       com.sun.xml.bind.external:rngom:jar:2.2.11:compile
[DEBUG]       com.sun.xml.dtd-parser:dtd-parser:jar:1.1:compile
[DEBUG]       com.sun.istack:istack-commons-tools:jar:2.21:compile
[DEBUG]          org.apache.ant:ant:jar:1.7.0:compile
[DEBUG]             org.apache.ant:ant-launcher:jar:1.7.0:compile
[DEBUG]    org.glassfish.jaxb:jaxb-jxc:jar:2.2.11:compile
[DEBUG]       com.sun:tools:jar:1.6:system
[DEBUG]    com.thoughtworks.qdox:qdox:jar:2.0-M3:compile
[DEBUG]    org.apache.maven:maven-plugin-api:jar:3.0:compile
[DEBUG]       org.sonatype.sisu:sisu-inject-plexus:jar:1.4.2:compile
[DEBUG]          org.sonatype.sisu:sisu-inject-bean:jar:1.4.2:compile
[DEBUG]             org.sonatype.sisu:sisu-guice:jar:noaop:2.1.7:compile
[DEBUG]    org.apache.maven:maven-core:jar:3.0:compile
[DEBUG]       org.apache.maven:maven-settings:jar:3.0:compile
[DEBUG]       org.apache.maven:maven-settings-builder:jar:3.0:compile
[DEBUG]       org.apache.maven:maven-repository-metadata:jar:3.0:compile
[DEBUG]       org.apache.maven:maven-model-builder:jar:3.0:compile
[DEBUG]       org.apache.maven:maven-aether-provider:jar:3.0:runtime
[DEBUG]       org.sonatype.aether:aether-impl:jar:1.7:compile
[DEBUG]          org.sonatype.aether:aether-spi:jar:1.7:compile
[DEBUG]       org.sonatype.aether:aether-api:jar:1.7:compile
[DEBUG]       org.sonatype.aether:aether-util:jar:1.7:compile
[DEBUG]       org.codehaus.plexus:plexus-interpolation:jar:1.14:compile
[DEBUG]       org.codehaus.plexus:plexus-classworlds:jar:2.2.3:compile
[DEBUG]       org.codehaus.plexus:plexus-component-annotations:jar:1.5.5:compile
[DEBUG]       org.sonatype.plexus:plexus-sec-dispatcher:jar:1.3:compile
[DEBUG]          org.sonatype.plexus:plexus-cipher:jar:1.4:compile
[DEBUG]    org.apache.maven:maven-artifact:jar:3.0:compile
[DEBUG]    org.apache.maven:maven-model:jar:3.0:compile
[DEBUG]    org.codehaus.plexus:plexus-compiler-api:jar:2.5:compile
[DEBUG]    org.codehaus.plexus:plexus-utils:jar:3.0.21:compile
[DEBUG]    org.sonatype.plexus:plexus-build-api:jar:0.0.7:compile
[DEBUG] Created new class realm plugin>org.codehaus.mojo:jaxb2-maven-plugin:2.1
[DEBUG] Importing foreign packages into class realm plugin>org.codehaus.mojo:jaxb2-maven-plugin:2.1
[DEBUG]   Imported:  < maven.api
[DEBUG] Populating class realm plugin>org.codehaus.mojo:jaxb2-maven-plugin:2.1
[DEBUG]   Included: org.codehaus.mojo:jaxb2-maven-plugin:jar:2.1
[DEBUG]   Included: javax.xml.bind:jaxb-api:jar:2.2.11
[DEBUG]   Included: org.glassfish.jaxb:jaxb-core:jar:2.2.11
[DEBUG]   Included: org.glassfish.jaxb:txw2:jar:2.2.11
[DEBUG]   Included: com.sun.istack:istack-commons-runtime:jar:2.21
[DEBUG]   Included: org.glassfish.jaxb:jaxb-runtime:jar:2.2.11
[DEBUG]   Included: org.jvnet.staxex:stax-ex:jar:1.7.6
[DEBUG]   Included: com.sun.xml.fastinfoset:FastInfoset:jar:1.2.13
[DEBUG]   Included: org.glassfish.jaxb:jaxb-xjc:jar:2.2.11
[DEBUG]   Included: com.sun.xsom:xsom:jar:20140925
[DEBUG]   Included: relaxngDatatype:relaxngDatatype:jar:20020414
[DEBUG]   Included: org.glassfish.jaxb:codemodel:jar:2.2.11
[DEBUG]   Included: com.sun.xml.bind.external:rngom:jar:2.2.11
[DEBUG]   Included: com.sun.xml.dtd-parser:dtd-parser:jar:1.1
[DEBUG]   Included: com.sun.istack:istack-commons-tools:jar:2.21
[DEBUG]   Included: org.apache.ant:ant:jar:1.7.0
[DEBUG]   Included: org.apache.ant:ant-launcher:jar:1.7.0
[DEBUG]   Included: org.glassfish.jaxb:jaxb-jxc:jar:2.2.11
[DEBUG]   Included: com.sun:tools:jar:1.6
[DEBUG]   Included: com.thoughtworks.qdox:qdox:jar:2.0-M3
[DEBUG]   Included: org.sonatype.sisu:sisu-inject-bean:jar:1.4.2
[DEBUG]   Included: org.sonatype.sisu:sisu-guice:jar:noaop:2.1.7
[DEBUG]   Included: org.sonatype.aether:aether-util:jar:1.7
[DEBUG]   Included: org.codehaus.plexus:plexus-interpolation:jar:1.14
[DEBUG]   Included: org.codehaus.plexus:plexus-component-annotations:jar:1.5.5
[DEBUG]   Included: org.sonatype.plexus:plexus-sec-dispatcher:jar:1.3
[DEBUG]   Included: org.sonatype.plexus:plexus-cipher:jar:1.4
[DEBUG]   Included: org.codehaus.plexus:plexus-compiler-api:jar:2.5
[DEBUG]   Included: org.codehaus.plexus:plexus-utils:jar:3.0.21
[DEBUG]   Included: org.sonatype.plexus:plexus-build-api:jar:0.0.7
[DEBUG]   Excluded: org.apache.maven:maven-plugin-api:jar:3.0
[DEBUG]   Excluded: org.sonatype.sisu:sisu-inject-plexus:jar:1.4.2
[DEBUG]   Excluded: org.apache.maven:maven-core:jar:3.0
[DEBUG]   Excluded: org.apache.maven:maven-settings:jar:3.0
[DEBUG]   Excluded: org.apache.maven:maven-settings-builder:jar:3.0
[DEBUG]   Excluded: org.apache.maven:maven-repository-metadata:jar:3.0
[DEBUG]   Excluded: org.apache.maven:maven-model-builder:jar:3.0
[DEBUG]   Excluded: org.apache.maven:maven-aether-provider:jar:3.0
[DEBUG]   Excluded: org.sonatype.aether:aether-impl:jar:1.7
[DEBUG]   Excluded: org.sonatype.aether:aether-spi:jar:1.7
[DEBUG]   Excluded: org.sonatype.aether:aether-api:jar:1.7
[DEBUG]   Excluded: org.codehaus.plexus:plexus-classworlds:jar:2.2.3
[DEBUG]   Excluded: org.apache.maven:maven-artifact:jar:3.0
[DEBUG]   Excluded: org.apache.maven:maven-model:jar:3.0
[DEBUG] Configuring mojo org.codehaus.mojo:jaxb2-maven-plugin:2.1:xjc from plugin realm ClassRealm[plugin>org.codehaus.mojo:jaxb2-maven-plugin:2.1, parent: sun.misc.Launcher$AppClassLoader@a62b39f]
[DEBUG] Configuring mojo 'org.codehaus.mojo:jaxb2-maven-plugin:2.1:xjc' with basic configurator -->
[DEBUG]   (f) addGeneratedAnnotation = false
[DEBUG]   (f) arguments = []
[DEBUG]   (f) clearOutputDir = false
[DEBUG]   (f) enableIntrospection = false
[DEBUG]   (f) execution = org.codehaus.mojo:jaxb2-maven-plugin:2.1:xjc {execution: xjc}
[DEBUG]   (f) extension = false
[DEBUG]   (f) failOnNoSchemas = false
[DEBUG]   (f) generateEpisode = true
[DEBUG]   (f) laxSchemaValidation = false
[DEBUG]   (f) noGeneratedHeaderComments = false
[DEBUG]   (f) noPackageLevelAnnotations = false
[DEBUG]   (f) outputDirectory = /home/fagier/jaxb2plugin/generated/src/main/java
[DEBUG]   (f) packageName = org.codehaus.generated
[DEBUG]   (f) project = MavenProject: org.codehaus.mojo:generated:1.0-SNAPSHOT @ /home/fagier/jaxb2plugin/generated/pom.xml
[DEBUG]   (f) quiet = false
[DEBUG]   (f) readOnly = true
[DEBUG]   (f) settings = org.apache.maven.execution.SettingsAdapter@3bb79cfa
[DEBUG]   (f) skipXjc = false
[DEBUG]   (f) sourceType = XmlSchema
[DEBUG]   (f) staleFileDirectory = /home/fagier/jaxb2plugin/generated/target/jaxb2
[DEBUG]   (f) verbose = false
[DEBUG] -- end configuration --
[DEBUG] 
+=================== [Brief Plugin Build Dependency Information]
|
| Note: These dependencies pertain to what was used to build *the plugin*.
|       Check project dependencies to see the ones used in *your build*.
|
|
| Plugin's own information
|     GroupId    : org.codehaus.mojo
|     ArtifactID : jaxb2-maven-plugin
|     Version    : 2.1
|     Buildtime  : Sat May 02 14:02:35 CEST 2015
|
| Plugin's JAXB-related dependencies
|
|   1) [jaxb-api]
|     GroupId    : javax.xml.bind
|     ArtifactID : jaxb-api
|     Version    : 2.2.11
|     Scope      : compile
|     Type       : jar
|
|   2) [codemodel]
|     GroupId    : org.glassfish.jaxb
|     ArtifactID : codemodel
|     Version    : 2.2.11
|     Scope      : compile
|     Type       : jar
|
|   3) [jaxb-core]
|     GroupId    : org.glassfish.jaxb
|     ArtifactID : jaxb-core
|     Version    : 2.2.11
|     Scope      : compile
|     Type       : jar
|
|   4) [jaxb-jxc]
|     GroupId    : org.glassfish.jaxb
|     ArtifactID : jaxb-jxc
|     Version    : 2.2.11
|     Scope      : compile
|     Type       : jar
|
|   5) [jaxb-runtime]
|     GroupId    : org.glassfish.jaxb
|     ArtifactID : jaxb-runtime
|     Version    : 2.2.11
|     Scope      : compile
|     Type       : jar
|
|   6) [jaxb-xjc]
|     GroupId    : org.glassfish.jaxb
|     ArtifactID : jaxb-xjc
|     Version    : 2.2.11
|     Scope      : compile
|     Type       : jar
|
|   7) [txw2]
|     GroupId    : org.glassfish.jaxb
|     ArtifactID : txw2
|     Version    : 2.2.11
|     Scope      : compile
|     Type       : jar
|
+=================== [End Brief Plugin Build Dependency Information]


[DEBUG] StaleFile [/home/fagier/jaxb2plugin/generated/target/jaxb2/.xjc-xjcStaleFlag] not found. JAXB (re-)generation required.
[DEBUG] Adding URL [file:/home/fagier/jaxb2plugin/generated/target/classes]
[DEBUG] Using system property encoding [UTF-8]
[DEBUG] ToolExecutionEnvironment setup -- Starting.
[DEBUG] ToolExecutionEnvironment setup -- Done.
[DEBUG] Using system property encoding [UTF-8]
[INFO] Adding 'extension' flag to XJC arguments, since the 'generateEpisode' argument is given. (XJCs 'episode' argument requires that the 'extension' argument is provided).
[INFO] Ignored given or default xjbSources [/home/fagier/jaxb2plugin/generated/src/main/xjb], since it is not an existent file or directory.
[DEBUG] Accepted configured sources [/home/fagier/jaxb2plugin/generated/src/main/xsd]
[DEBUG]  [1 existing sources] ...
[DEBUG]    1/1: /home/fagier/jaxb2plugin/generated/src/main/xsd
[DEBUG]  ... End [1 existing sources]
[DEBUG] Accepted file [/home/fagier/jaxb2plugin/generated/src/main/xsd/testobject.xsd]
[DEBUG] 
+=================== [Filtered sources]
|
| 2 Exclude patterns:
| [1/2]: Filter [PatternFileFilter]
|        Processes nulls: [false]
|        Accept on match: [true]
|        Initialized    : [true]
|        3 regularExpressions :
|         [1/3]: (\p{javaLetterOrDigit}|\p{Punct})+README.*
|         [2/3]: (\p{javaLetterOrDigit}|\p{Punct})+\.xml
|         [3/3]: (\p{javaLetterOrDigit}|\p{Punct})+\.txt
| [2/2]: Filter [PatternFileFilter]
|        Processes nulls: [false]
|        Accept on match: [true]
|        Initialized    : [true]
|        1 regularExpressions :
|         [1/1]: (\p{javaLetterOrDigit}|\p{Punct})+\.xjb
|
| 1 Standard Directories:
| [1/1]: src/main/xsd
|
| 1 Results:
| [1/1]: file:/home/fagier/jaxb2plugin/generated/src/main/xsd/testobject.xsd
|
+=================== [End Filtered sources]


[DEBUG] 
+=================== [14 XJC Arguments]
|
| [0]: -xmlschema
| [1]: -readOnly
| [2]: -httpproxy
| [3]: lyon.proxy.corp.sopra:8080
| [4]: -encoding
| [5]: UTF-8
| [6]: -p
| [7]: org.codehaus.generated
| [8]: -d
| [9]: /home/fagier/jaxb2plugin/generated/src/main/java
| [10]: -extension
| [11]: -episode
| [12]: /home/fagier/jaxb2plugin/generated/src/main/java/META-INF/sun-jaxb.episode
| [13]: src/main/xsd/testobject.xsd
|
+=================== [End 14 XJC Arguments]


[DEBUG] [SchemaGen]: Jun 29, 2015 4:16:45 PM com.sun.xml.bind.v2.util.XmlFactory createSchemaFactory
FINE: SchemaFactory instance: com.sun.org.apache.xerces.internal.jaxp.validation.XMLSchemaFactory@464286a3

[DEBUG] [SchemaGen]: Jun 29, 2015 4:16:45 PM com.sun.xml.bind.v2.util.XmlFactory allowExternalAccess
FINE: Property "http://javax.xml.XMLConstants/property/accessExternalSchema" is supported and has been successfully set by used JAXP implementation.

[DEBUG] [SchemaGen]: Jun 29, 2015 4:16:45 PM com.sun.xml.bind.v2.util.XmlFactory allowExternalDTDAccess
FINE: Property "http://javax.xml.XMLConstants/property/accessExternalDTD" is supported and has been successfully set by used JAXP implementation.

[ERROR] null [-1,-1] 
org.xml.sax.SAXParseException; schema_reference.4: Failed to read schema document 'file:/home/fagier/jaxb2plugin/src/main/xsd/testobject.xsd', because 1) could not find the document; 2) the document could not be read; 3) the root element of the document is not <xsd:schema>.
	at com.sun.org.apache.xerces.internal.util.ErrorHandlerWrapper.createSAXParseException(ErrorHandlerWrapper.java:198)
	at com.sun.org.apache.xerces.internal.util.ErrorHandlerWrapper.error(ErrorHandlerWrapper.java:134)
	at com.sun.org.apache.xerces.internal.impl.XMLErrorReporter.reportError(XMLErrorReporter.java:437)
	at com.sun.org.apache.xerces.internal.impl.XMLErrorReporter.reportError(XMLErrorReporter.java:347)
	at com.sun.org.apache.xerces.internal.impl.xs.traversers.XSDHandler.reportSchemaErr(XSDHandler.java:4166)
	at com.sun.org.apache.xerces.internal.impl.xs.traversers.XSDHandler.reportSchemaError(XSDHandler.java:4149)
	at com.sun.org.apache.xerces.internal.impl.xs.traversers.XSDHandler.getSchemaDocument1(XSDHandler.java:2479)
	at com.sun.org.apache.xerces.internal.impl.xs.traversers.XSDHandler.getSchemaDocument(XSDHandler.java:2307)
	at com.sun.org.apache.xerces.internal.impl.xs.traversers.XSDHandler.parseSchema(XSDHandler.java:560)
	at com.sun.org.apache.xerces.internal.impl.xs.XMLSchemaLoader.loadSchema(XMLSchemaLoader.java:616)
	at com.sun.org.apache.xerces.internal.impl.xs.XMLSchemaLoader.loadGrammar(XMLSchemaLoader.java:574)
	at com.sun.org.apache.xerces.internal.impl.xs.XMLSchemaLoader.loadGrammar(XMLSchemaLoader.java:540)
	at com.sun.org.apache.xerces.internal.jaxp.validation.XMLSchemaFactory.newSchema(XMLSchemaFactory.java:252)
	at com.sun.tools.xjc.reader.xmlschema.parser.SchemaConstraintChecker.check(SchemaConstraintChecker.java:111)
	at com.sun.tools.xjc.ModelLoader.loadXMLSchema(ModelLoader.java:360)
	at com.sun.tools.xjc.ModelLoader.load(ModelLoader.java:174)
	at com.sun.tools.xjc.ModelLoader.load(ModelLoader.java:119)
	at com.sun.tools.xjc.Driver.run(Driver.java:354)
	at org.codehaus.mojo.jaxb2.javageneration.AbstractJavaGeneratorMojo.performExecution(AbstractJavaGeneratorMojo.java:384)
	at org.codehaus.mojo.jaxb2.AbstractJaxbMojo.execute(AbstractJaxbMojo.java:200)
	at org.apache.maven.plugin.DefaultBuildPluginManager.executeMojo(DefaultBuildPluginManager.java:101)
	at org.apache.maven.lifecycle.internal.MojoExecutor.execute(MojoExecutor.java:209)
	at org.apache.maven.lifecycle.internal.MojoExecutor.execute(MojoExecutor.java:153)
	at org.apache.maven.lifecycle.internal.MojoExecutor.execute(MojoExecutor.java:145)
	at org.apache.maven.lifecycle.internal.LifecycleModuleBuilder.buildProject(LifecycleModuleBuilder.java:84)
	at org.apache.maven.lifecycle.internal.LifecycleModuleBuilder.buildProject(LifecycleModuleBuilder.java:59)
	at org.apache.maven.lifecycle.internal.LifecycleStarter.singleThreadedBuild(LifecycleStarter.java:183)
	at org.apache.maven.lifecycle.internal.LifecycleStarter.execute(LifecycleStarter.java:161)
	at org.apache.maven.DefaultMaven.doExecute(DefaultMaven.java:320)
	at org.apache.maven.DefaultMaven.execute(DefaultMaven.java:156)
	at org.apache.maven.cli.MavenCli.execute(MavenCli.java:537)
	at org.apache.maven.cli.MavenCli.doMain(MavenCli.java:196)
	at org.apache.maven.cli.MavenCli.main(MavenCli.java:141)
	at sun.reflect.NativeMethodAccessorImpl.invoke0(Native Method)
	at sun.reflect.NativeMethodAccessorImpl.invoke(NativeMethodAccessorImpl.java:57)
	at sun.reflect.DelegatingMethodAccessorImpl.invoke(DelegatingMethodAccessorImpl.java:43)
	at java.lang.reflect.Method.invoke(Method.java:606)
	at org.codehaus.plexus.classworlds.launcher.Launcher.launchEnhanced(Launcher.java:290)
	at org.codehaus.plexus.classworlds.launcher.Launcher.launch(Launcher.java:230)
	at org.codehaus.plexus.classworlds.launcher.Launcher.mainWithExitCode(Launcher.java:409)
	at org.codehaus.plexus.classworlds.launcher.Launcher.main(Launcher.java:352)
Caused by: java.io.FileNotFoundException: /home/fagier/jaxb2plugin/src/main/xsd/testobject.xsd (No such file or directory)
	at java.io.FileInputStream.open(Native Method)
	at java.io.FileInputStream.<init>(FileInputStream.java:146)
	at java.io.FileInputStream.<init>(FileInputStream.java:101)
	at sun.net.www.protocol.file.FileURLConnection.connect(FileURLConnection.java:90)
	at sun.net.www.protocol.file.FileURLConnection.getInputStream(FileURLConnection.java:188)
	at com.sun.org.apache.xerces.internal.impl.XMLEntityManager.setupCurrentEntity(XMLEntityManager.java:613)
	at com.sun.org.apache.xerces.internal.impl.XMLVersionDetector.determineDocVersion(XMLVersionDetector.java:189)
	at com.sun.org.apache.xerces.internal.parsers.XML11Configuration.parse(XML11Configuration.java:812)
	at com.sun.org.apache.xerces.internal.parsers.XML11Configuration.parse(XML11Configuration.java:777)
	at com.sun.org.apache.xerces.internal.parsers.XMLParser.parse(XMLParser.java:141)
	at com.sun.org.apache.xerces.internal.parsers.AbstractSAXParser.parse(AbstractSAXParser.java:1213)
	at com.sun.org.apache.xerces.internal.impl.xs.traversers.XSDHandler.getSchemaDocument(XSDHandler.java:2279)
	... 33 more
[DEBUG] Accepted configured sources [/home/fagier/jaxb2plugin/generated/src/main/xsd]
[DEBUG]  [1 existing sources] ...
[DEBUG]    1/1: /home/fagier/jaxb2plugin/generated/src/main/xsd
[DEBUG]  ... End [1 existing sources]
[DEBUG] Accepted file [/home/fagier/jaxb2plugin/generated/src/main/xsd/testobject.xsd]
[DEBUG] 
+=================== [Filtered sources]
|
| 2 Exclude patterns:
| [1/2]: Filter [PatternFileFilter]
|        Processes nulls: [false]
|        Accept on match: [true]
|        Initialized    : [true]
|        3 regularExpressions :
|         [1/3]: (\p{javaLetterOrDigit}|\p{Punct})+README.*
|         [2/3]: (\p{javaLetterOrDigit}|\p{Punct})+\.xml
|         [3/3]: (\p{javaLetterOrDigit}|\p{Punct})+\.txt
| [2/2]: Filter [PatternFileFilter]
|        Processes nulls: [false]
|        Accept on match: [true]
|        Initialized    : [true]
|        1 regularExpressions :
|         [1/1]: (\p{javaLetterOrDigit}|\p{Punct})+\.xjb
|
| 1 Standard Directories:
| [1/1]: src/main/xsd
|
| 1 Results:
| [1/1]: file:/home/fagier/jaxb2plugin/generated/src/main/xsd/testobject.xsd
|
+=================== [End Filtered sources]


[DEBUG] ToolExecutionEnvironment restore -- Starting.
[DEBUG] ToolExecutionEnvironment restore -- Done.
[INFO] ------------------------------------------------------------------------
[INFO] Reactor Summary:
[INFO] 
[INFO] jaxb2-maven-plugin-test-windows-unix .............. SUCCESS [0.220s]
[INFO] generated ......................................... FAILURE [0.901s]
[INFO] programs .......................................... SKIPPED
[INFO] ------------------------------------------------------------------------
[INFO] BUILD FAILURE
[INFO] ------------------------------------------------------------------------
[INFO] Total time: 1.272s
[INFO] Finished at: Mon Jun 29 16:16:45 CEST 2015
[INFO] Final Memory: 7M/187M
[INFO] ------------------------------------------------------------------------
[ERROR] Failed to execute goal org.codehaus.mojo:jaxb2-maven-plugin:2.1:xjc (xjc) on project generated:
[ERROR] +=================== [XJC Error]
[ERROR] |
[ERROR] | 0: file:/home/fagier/jaxb2plugin/generated/src/main/xsd/testobject.xsd
[ERROR] |
[ERROR] +=================== [End XJC Error]
[ERROR] -> [Help 1]
org.apache.maven.lifecycle.LifecycleExecutionException: Failed to execute goal org.codehaus.mojo:jaxb2-maven-plugin:2.1:xjc (xjc) on project generated: 
+=================== [XJC Error]
|
| 0: file:/home/fagier/jaxb2plugin/generated/src/main/xsd/testobject.xsd
|
+=================== [End XJC Error]

	at org.apache.maven.lifecycle.internal.MojoExecutor.execute(MojoExecutor.java:217)
	at org.apache.maven.lifecycle.internal.MojoExecutor.execute(MojoExecutor.java:153)
	at org.apache.maven.lifecycle.internal.MojoExecutor.execute(MojoExecutor.java:145)
	at org.apache.maven.lifecycle.internal.LifecycleModuleBuilder.buildProject(LifecycleModuleBuilder.java:84)
	at org.apache.maven.lifecycle.internal.LifecycleModuleBuilder.buildProject(LifecycleModuleBuilder.java:59)
	at org.apache.maven.lifecycle.internal.LifecycleStarter.singleThreadedBuild(LifecycleStarter.java:183)
	at org.apache.maven.lifecycle.internal.LifecycleStarter.execute(LifecycleStarter.java:161)
	at org.apache.maven.DefaultMaven.doExecute(DefaultMaven.java:320)
	at org.apache.maven.DefaultMaven.execute(DefaultMaven.java:156)
	at org.apache.maven.cli.MavenCli.execute(MavenCli.java:537)
	at org.apache.maven.cli.MavenCli.doMain(MavenCli.java:196)
	at org.apache.maven.cli.MavenCli.main(MavenCli.java:141)
	at sun.reflect.NativeMethodAccessorImpl.invoke0(Native Method)
	at sun.reflect.NativeMethodAccessorImpl.invoke(NativeMethodAccessorImpl.java:57)
	at sun.reflect.DelegatingMethodAccessorImpl.invoke(DelegatingMethodAccessorImpl.java:43)
	at java.lang.reflect.Method.invoke(Method.java:606)
	at org.codehaus.plexus.classworlds.launcher.Launcher.launchEnhanced(Launcher.java:290)
	at org.codehaus.plexus.classworlds.launcher.Launcher.launch(Launcher.java:230)
	at org.codehaus.plexus.classworlds.launcher.Launcher.mainWithExitCode(Launcher.java:409)
	at org.codehaus.plexus.classworlds.launcher.Launcher.main(Launcher.java:352)
Caused by: org.apache.maven.plugin.MojoExecutionException: 
+=================== [XJC Error]
|
| 0: file:/home/fagier/jaxb2plugin/generated/src/main/xsd/testobject.xsd
|
+=================== [End XJC Error]

	at org.codehaus.mojo.jaxb2.javageneration.AbstractJavaGeneratorMojo.performExecution(AbstractJavaGeneratorMojo.java:397)
	at org.codehaus.mojo.jaxb2.AbstractJaxbMojo.execute(AbstractJaxbMojo.java:200)
	at org.apache.maven.plugin.DefaultBuildPluginManager.executeMojo(DefaultBuildPluginManager.java:101)
	at org.apache.maven.lifecycle.internal.MojoExecutor.execute(MojoExecutor.java:209)
	... 19 more
[ERROR] 
[ERROR] 
[ERROR] For more information about the errors and possible solutions, please read the following articles:
[ERROR] [Help 1] http://cwiki.apache.org/confluence/display/MAVEN/MojoExecutionException
[ERROR] 
[ERROR] After correcting the problems, you can resume the build with the command
[ERROR]   mvn <goals> -rf :generated
